\BOOKMARK [1][-]{section.1}{\376\377\000I\000n\000t\000r\000o\000d\000u\000\347\000\343\000o}{}% 1
\BOOKMARK [1][-]{section.2}{\376\377\000F\000u\000n\000d\000a\000m\000e\000n\000t\000a\000\347\000\343\000o\000\040\000t\000e\000\363\000r\000i\000c\000a}{}% 2
\BOOKMARK [2][-]{subsection.2.1}{\376\377\000I\000A\000\040\000g\000e\000n\000e\000r\000a\000t\000i\000v\000a\000\040\000n\000o\000\040\000d\000e\000s\000e\000n\000v\000o\000l\000v\000i\000m\000e\000n\000t\000o\000\040\000d\000e\000\040\000s\000o\000f\000t\000w\000a\000r\000e}{section.2}% 3
\BOOKMARK [2][-]{subsection.2.2}{\376\377\000C\000o\000-\000d\000e\000s\000i\000g\000n\000\040\000h\000u\000m\000a\000n\000o\040\023\000I\000A}{section.2}% 4
\BOOKMARK [2][-]{subsection.2.3}{\376\377\000D\000e\000s\000i\000g\000n\000\040\000r\000a\000t\000i\000o\000n\000a\000l\000e\000\040\000e\000\040\000p\000r\000\341\000t\000i\000c\000a\000\040\000r\000e\000f\000l\000e\000x\000i\000v\000a}{section.2}% 5
\BOOKMARK [2][-]{subsection.2.4}{\376\377\000T\000e\000o\000r\000i\000a\000\040\000d\000o\000s\000\040\000C\000a\000m\000p\000o\000s\000\040\000C\000o\000n\000c\000e\000i\000t\000u\000a\000i\000s\000\040\000e\000\040\000o\000\040\000s\000i\000s\000t\000e\000m\000a\000\040\000G\000\351\000r\000a\000r\000d}{section.2}% 6
\BOOKMARK [1][-]{section.3}{\376\377\000M\000e\000t\000o\000d\000o\000l\000o\000g\000i\000a}{}% 7
\BOOKMARK [2][-]{subsection.3.1}{\376\377\000D\000e\000l\000i\000n\000e\000a\000m\000e\000n\000t\000o}{section.3}% 8
\BOOKMARK [2][-]{subsection.3.2}{\376\377\000C\000o\000r\000p\000u\000s}{section.3}% 9
\BOOKMARK [2][-]{subsection.3.3}{\376\377\000U\000n\000i\000d\000a\000d\000e\000\040\000d\000e\000\040\000a\000n\000\341\000l\000i\000s\000e}{section.3}% 10
\BOOKMARK [2][-]{subsection.3.4}{\376\377\000R\000e\000g\000r\000e\000s\000s\000\343\000o\000\040\000d\000o\000c\000u\000m\000e\000n\000t\000a\000l\000\040\000c\000r\000u\000z\000a\000d\000a}{section.3}% 11
\BOOKMARK [2][-]{subsection.3.5}{\376\377\000E\000s\000q\000u\000e\000m\000a\000\040\000d\000e\000\040\000c\000o\000d\000i\000f\000i\000c\000a\000\347\000\343\000o}{section.3}% 12
\BOOKMARK [2][-]{subsection.3.6}{\376\377\000P\000r\000o\000c\000e\000d\000i\000m\000e\000n\000t\000o\000s\000\040\000d\000e\000\040\000a\000n\000\341\000l\000i\000s\000e}{section.3}% 13
\BOOKMARK [2][-]{subsection.3.7}{\376\377\000R\000a\000s\000t\000r\000e\000a\000b\000i\000l\000i\000d\000a\000d\000e\000\040\000e\000\040\000a\000t\000u\000a\000l\000i\000z\000a\000\347\000\343\000o\000\040\000d\000o\000\040\000c\000o\000r\000p\000u\000s}{section.3}% 14
\BOOKMARK [1][-]{section.4}{\376\377\000R\000e\000s\000u\000l\000t\000a\000d\000o\000s\000\040\000p\000r\000e\000l\000i\000m\000i\000n\000a\000r\000e\000s}{}% 15
\BOOKMARK [2][-]{subsection.4.1}{\376\377\000E\000s\000t\000a\000d\000o\000\040\000d\000o\000\040\000i\000n\000v\000e\000n\000t\000\341\000r\000i\000o\000\040\000d\000o\000c\000u\000m\000e\000n\000t\000a\000l}{section.4}% 16
\BOOKMARK [2][-]{subsection.4.2}{\376\377\000D\000i\000s\000t\000r\000i\000b\000u\000i\000\347\000\343\000o\000\040\000d\000o\000s\000\040\000c\000i\000c\000l\000o\000s\000\040\000p\000o\000r\000\040\000n\000\355\000v\000e\000l\000\040\000d\000e\000\040\000d\000e\000c\000i\000s\000\343\000o}{section.4}% 17
\BOOKMARK [3][-]{subsubsection.4.2.1}{\376\377\000C\000i\000c\000l\000o\000s\000\040\000e\000s\000t\000r\000u\000t\000u\000r\000a\000i\000s\000\040\000e\000\040\000d\000e\000\040\000g\000e\000n\000e\000r\000a\000l\000i\000z\000a\000\347\000\343\000o}{subsection.4.2}% 18
\BOOKMARK [3][-]{subsubsection.4.2.2}{\376\377\000C\000i\000c\000l\000o\000s\000\040\000d\000e\000\040\000c\000o\000n\000s\000i\000s\000t\000\352\000n\000c\000i\000a\000\040\000t\000e\000\363\000r\000i\000c\000a\000\040\000e\000\040\000m\000e\000t\000o\000d\000o\000l\000\363\000g\000i\000c\000a}{subsection.4.2}% 19
\BOOKMARK [3][-]{subsubsection.4.2.3}{\376\377\000C\000i\000c\000l\000o\000s\000\040\000d\000e\000\040\000r\000e\000f\000i\000n\000a\000m\000e\000n\000t\000o\000\040\000v\000i\000s\000u\000a\000l\000\040\000e\000\040\000o\000p\000e\000r\000a\000c\000i\000o\000n\000a\000l}{subsection.4.2}% 20
\BOOKMARK [2][-]{subsection.4.3}{\376\377\000R\000e\000s\000u\000l\000t\000a\000d\000o\000s\000\040\000e\000m\000\040\000d\000i\000\341\000l\000o\000g\000o\000\040\000c\000o\000m\000\040\000a\000\040\000l\000i\000t\000e\000r\000a\000t\000u\000r\000a\000\040\000r\000e\000c\000e\000n\000t\000e}{section.4}% 21
\BOOKMARK [2][-]{subsection.4.4}{\376\377\000R\000e\000g\000r\000e\000s\000s\000\343\000o\000\040\000d\000e\000\040\000e\000s\000c\000o\000p\000o\000\040\000n\000a\000\040\000i\000n\000i\000c\000i\000a\000l\000i\000z\000a\000\347\000\343\000o}{section.4}% 22
\BOOKMARK [2][-]{subsection.4.5}{\376\377\000D\000i\000s\000p\000o\000n\000i\000b\000i\000l\000i\000d\000a\000d\000e\000\040\000d\000a\000\040\000a\000n\000\341\000l\000i\000s\000e\000\040\000e\000\040\000m\000a\000n\000i\000p\000u\000l\000a\000\347\000\343\000o\000\040\000i\000n\000c\000r\000e\000m\000e\000n\000t\000a\000l\000\040\000d\000a\000s\000\040\000c\000o\000l\000e\000\347\000\365\000e\000s}{section.4}% 23
\BOOKMARK [2][-]{subsection.4.6}{\376\377\000D\000r\000a\000g\000-\000a\000n\000d\000-\000d\000r\000o\000p\000\040\000f\000\355\000s\000i\000c\000o\000\040\000s\000e\000m\000\040\000a\000l\000t\000e\000r\000a\000\347\000\343\000o\000\040\000d\000o\000\040\000e\000s\000t\000a\000d\000o\000\040\000s\000e\000m\000\342\000n\000t\000i\000c\000o}{section.4}% 24
\BOOKMARK [2][-]{subsection.4.7}{\376\377\000C\000o\000m\000p\000a\000r\000a\000\347\000\343\000o\000\040\000e\000n\000t\000r\000e\000\040\000a\000s\000\040\000t\000r\000\352\000s\000\040\000c\000l\000a\000s\000s\000e\000s}{section.4}% 25
\BOOKMARK [2][-]{subsection.4.8}{\376\377\000T\000i\000p\000o\000s\000\040\000d\000e\000\040\000i\000n\000t\000e\000r\000v\000e\000n\000\347\000\343\000o\000\040\000d\000o\000\040\000p\000e\000s\000q\000u\000i\000s\000a\000d\000o\000r}{section.4}% 26
\BOOKMARK [2][-]{subsection.4.9}{\376\377\000E\000v\000o\000l\000u\000\347\000\343\000o\000\040\000d\000o\000s\000\040\000r\000e\000q\000u\000i\000s\000i\000t\000o\000s\000\040\000e\000\040\000d\000a\000\040\000a\000r\000q\000u\000i\000t\000e\000t\000u\000r\000a}{section.4}% 27
\BOOKMARK [2][-]{subsection.4.10}{\376\377\000P\000a\000p\000e\000l\000\040\000d\000o\000\040\000c\000o\000n\000h\000e\000c\000i\000m\000e\000n\000t\000o\000\040\000d\000e\000\040\000d\000o\000m\000\355\000n\000i\000o}{section.4}% 28
\BOOKMARK [2][-]{subsection.4.11}{\376\377\000P\000a\000p\000e\000l\000\040\000d\000a\000\040\000I\000A}{section.4}% 29
\BOOKMARK [2][-]{subsection.4.12}{\376\377\000D\000a\000\040\000r\000e\000c\000o\000r\000r\000\352\000n\000c\000i\000a\000\040\000i\000n\000t\000e\000r\000a\000c\000i\000o\000n\000a\000l\000\040\000a\000o\000\040\000c\000o\000n\000t\000r\000a\000t\000o\000\040\000a\000r\000q\000u\000i\000t\000e\000t\000u\000r\000a\000l}{section.4}% 30
\BOOKMARK [1][-]{section.5}{\376\377\000D\000i\000s\000c\000u\000s\000s\000\343\000o}{}% 31
\BOOKMARK [2][-]{subsection.5.1}{\376\377\000C\000o\000-\000d\000e\000s\000i\000g\000n\000\040\000a\000s\000s\000i\000m\000\351\000t\000r\000i\000c\000o\000\040\000e\000\040\000s\000u\000p\000e\000r\000v\000i\000s\000i\000o\000n\000a\000d\000o}{section.5}% 32
\BOOKMARK [2][-]{subsection.5.2}{\376\377\000D\000o\000\040\000c\000u\000s\000t\000o\000\040\000d\000e\000\040\000i\000n\000t\000e\000g\000r\000a\000\347\000\343\000o\000\040\000a\000o\000\040\000c\000u\000s\000t\000o\000\040\000d\000e\000\040\000c\000o\000o\000r\000d\000e\000n\000a\000\347\000\343\000o\000\040\000e\000p\000i\000s\000t\000\352\000m\000i\000c\000a}{section.5}% 33
\BOOKMARK [2][-]{subsection.5.3}{\376\377\000C\000r\000i\000t\000\351\000r\000i\000o\000s\000\040\000d\000e\000\040\000a\000c\000e\000i\000t\000a\000\347\000\343\000o\000\040\000m\000u\000l\000t\000i\000n\000\355\000v\000e\000l}{section.5}% 34
\BOOKMARK [2][-]{subsection.5.4}{\376\377\000D\000i\000s\000t\000\342\000n\000c\000i\000a\000\040\000s\000e\000m\000\342\000n\000t\000i\000c\000a\000\040\000e\000\040\000e\000x\000i\000g\000\352\000n\000c\000i\000a\000\040\000c\000o\000g\000n\000i\000t\000i\000v\000a}{section.5}% 35
\BOOKMARK [2][-]{subsection.5.5}{\376\377\000N\000o\000m\000e\000n\000c\000l\000a\000t\000u\000r\000a\000\040\000e\000\040\000d\000i\000v\000u\000l\000g\000a\000\347\000\343\000o\000\040\000p\000r\000o\000g\000r\000e\000s\000s\000i\000v\000a}{section.5}% 36
\BOOKMARK [2][-]{subsection.5.6}{\376\377\000C\000o\000r\000r\000e\000s\000p\000o\000n\000d\000\352\000n\000c\000i\000a\000\040\000c\000r\000o\000m\000\341\000t\000i\000c\000a\000\040\000e\000\040\000l\000e\000i\000t\000u\000r\000a\000\040\000d\000a\000\040\000c\000o\000m\000p\000a\000r\000a\000\347\000\343\000o}{section.5}% 37
\BOOKMARK [2][-]{subsection.5.7}{\376\377\000R\000e\000p\000r\000e\000s\000e\000n\000t\000a\000\347\000\365\000e\000s\000\040\000m\000a\000n\000i\000p\000u\000l\000\341\000v\000e\000i\000s\000\040\000e\000\040\000e\000s\000t\000a\000d\000o\000\040\000s\000e\000m\000\342\000n\000t\000i\000c\000o\000\040\000c\000o\000m\000p\000a\000r\000t\000i\000l\000h\000a\000d\000o}{section.5}% 38
\BOOKMARK [2][-]{subsection.5.8}{\376\377\000C\000u\000r\000a\000d\000o\000r\000i\000a\000\040\000m\000u\000l\000t\000i\000l\000\355\000n\000g\000u\000e\000\040\000e\000\040\000f\000o\000n\000t\000e\000\040\000d\000e\000\040\000v\000e\000r\000d\000a\000d\000e}{section.5}% 39
\BOOKMARK [2][-]{subsection.5.9}{\376\377\000F\000e\000e\000d\000b\000a\000c\000k\000\040\000s\000i\000t\000u\000a\000d\000o\000\040\000e\000\040\000o\000r\000i\000e\000n\000t\000a\000\347\000\343\000o\000\040\000p\000r\000o\000g\000r\000e\000s\000s\000i\000v\000a}{section.5}% 40
\BOOKMARK [2][-]{subsection.5.10}{\376\377\000S\000u\000p\000o\000r\000t\000e\000\040\000e\000\040\000r\000a\000s\000t\000r\000e\000a\000b\000i\000l\000i\000d\000a\000d\000e\000\040\000o\000p\000e\000r\000a\000c\000i\000o\000n\000a\000l}{section.5}% 41
\BOOKMARK [2][-]{subsection.5.11}{\376\377\000E\000s\000t\000r\000u\000t\000u\000r\000a\000\040\000v\000i\000s\000u\000a\000l\000\040\000e\000s\000t\000\341\000v\000e\000l\000\040\000e\000\040\000c\000o\000n\000t\000e\000\372\000d\000o\000\040\000e\000d\000u\000c\000a\000t\000i\000v\000o\000\040\000t\000r\000a\000n\000s\000i\000t\000\363\000r\000i\000o}{section.5}% 42
\BOOKMARK [2][-]{subsection.5.12}{\376\377\000Q\000u\000a\000n\000d\000o\000\040\000a\000\040\000s\000o\000l\000u\000\347\000\343\000o\000\040\000p\000l\000a\000u\000s\000\355\000v\000e\000l\000\040\000n\000\343\000o\000\040\000\351\000\040\000v\000\341\000l\000i\000d\000a}{section.5}% 43
\BOOKMARK [2][-]{subsection.5.13}{\376\377\000P\000e\000s\000o\000\040\000a\000n\000a\000l\000\355\000t\000i\000c\000o\000\040\000d\000a\000s\000\040\000d\000e\000c\000i\000s\000\365\000e\000s}{section.5}% 44
\BOOKMARK [2][-]{subsection.5.14}{\376\377\000R\000e\000g\000r\000e\000s\000s\000\343\000o\000\040\000d\000o\000c\000u\000m\000e\000n\000t\000a\000l\000\040\000c\000r\000u\000z\000a\000d\000a\000\040\000c\000o\000m\000o\000\040\000c\000o\000n\000t\000r\000o\000l\000e\000\040\000d\000e\000\040\000c\000o\000e\000r\000\352\000n\000c\000i\000a}{section.5}% 45
\BOOKMARK [2][-]{subsection.5.15}{\376\377\000D\000i\000s\000t\000i\000n\000\347\000\343\000o\000\040\000e\000n\000t\000r\000e\000\040\000f\000o\000n\000t\000e\000s\000\040\000e\000\040\000u\000n\000i\000d\000a\000d\000e\000s\000\040\000d\000e\000\040\000a\000n\000\341\000l\000i\000s\000e}{section.5}% 46
\BOOKMARK [2][-]{subsection.5.16}{\376\377\000A\000\347\000\343\000o\000\040\000o\000b\000s\000e\000r\000v\000\341\000v\000e\000l\000\040\000c\000o\000m\000o\000\040\000p\000r\000\351\000-\000c\000o\000n\000d\000i\000\347\000\343\000o\000\040\000d\000o\000\040\000r\000e\000g\000i\000s\000t\000r\000o\000\040\000q\000u\000a\000l\000i\000t\000a\000t\000i\000v\000o}{section.5}% 47
\BOOKMARK [2][-]{subsection.5.17}{\376\377\000I\000m\000p\000l\000i\000c\000a\000\347\000\365\000e\000s\000\040\000p\000a\000r\000a\000\040\000I\000H\000C}{section.5}% 48
\BOOKMARK [2][-]{subsection.5.18}{\376\377\000I\000m\000p\000l\000i\000c\000a\000\347\000\365\000e\000s\000\040\000p\000a\000r\000a\000\040\000E\000n\000g\000e\000n\000h\000a\000r\000i\000a\000\040\000d\000e\000\040\000S\000o\000f\000t\000w\000a\000r\000e}{section.5}% 49
\BOOKMARK [2][-]{subsection.5.19}{\376\377\000I\000m\000p\000l\000i\000c\000a\000\347\000\365\000e\000s\000\040\000p\000a\000r\000a\000\040\000I\000n\000f\000o\000r\000m\000\341\000t\000i\000c\000a\000\040\000n\000a\000\040\000E\000d\000u\000c\000a\000\347\000\343\000o}{section.5}% 50
\BOOKMARK [1][-]{section.6}{\376\377\000A\000m\000e\000a\000\347\000a\000s\000\040\000\340\000\040\000v\000a\000l\000i\000d\000a\000d\000e}{}% 51
\BOOKMARK [1][-]{section.7}{\376\377\000A\000t\000u\000a\000l\000i\000z\000a\000\347\000\343\000o\000\040\000a\000r\000q\000u\000i\000t\000e\000t\000u\000r\000a\000l\000\040\000C\0001\0004\0007\000:\000\040\000m\000o\000d\000e\000l\000o\000\040\000s\000e\000m\000\342\000n\000t\000i\000c\000o\000\040\000e\000x\000p\000l\000\355\000c\000i\000t\000o}{}% 52
\BOOKMARK [2][-]{subsection.7.1}{\376\377\000U\000n\000i\000v\000e\000r\000s\000o\000s\000\040\000n\000u\000m\000\351\000r\000i\000c\000o\000s\000\040\000c\000o\000m\000o\000\040\000o\000b\000j\000e\000t\000o\000s\000\040\000d\000o\000\040\000d\000o\000m\000\355\000n\000i\000o}{section.7}% 53
\BOOKMARK [2][-]{subsection.7.2}{\376\377\000C\000o\000n\000t\000e\000x\000t\000o\000,\000\040\000e\000n\000t\000i\000d\000a\000d\000e\000s\000\040\000e\000\040\000p\000i\000s\000t\000a\000s\000\040\000l\000i\000n\000g\000u\000\355\000s\000t\000i\000c\000a\000s}{section.7}% 54
\BOOKMARK [2][-]{subsection.7.3}{\376\377\000C\000a\000t\000e\000g\000o\000r\000i\000a\000s\000\040\000c\000o\000m\000o\000\040\000c\000o\000m\000p\000o\000s\000i\000t\000e\000s\000\040\000d\000e\000\040\000e\000l\000e\000m\000e\000n\000t\000o\000s\000\040\000s\000e\000m\000\342\000n\000t\000i\000c\000o\000s}{section.7}% 55
\BOOKMARK [2][-]{subsection.7.4}{\376\377\000R\000e\000p\000r\000e\000s\000e\000n\000t\000a\000\347\000\365\000e\000s\000\040\000c\000o\000m\000o\000\040\000p\000r\000o\000j\000e\000\347\000\365\000e\000s\000\040\000d\000o\000\040\000m\000e\000s\000m\000o\000\040\000m\000o\000d\000e\000l\000o}{section.7}% 56
\BOOKMARK [1][-]{section.8}{\376\377\000C\000o\000n\000c\000l\000u\000s\000\365\000e\000s}{}% 57
